Arguments: 
  /usr/local/bin/node /usr/local/Cellar/yarn/1.22.15/libexec/bin/yarn.js

PATH: 
  /usr/local/bin:/usr/bin:/bin:/usr/sbin:/sbin:/Library/Apple/usr/bin:/usr/local/bin

Yarn version: 
  1.22.15

Node version: 
  17.1.0

Platform: 
  darwin x64

Trace: 
  Error: https://registry.yarnpkg.com/@fontsource%2ffira-code: ETIMEDOUT
      at Timeout._onTimeout (/usr/local/Cellar/yarn/1.22.15/libexec/lib/cli.js:141545:19)
      at listOnTimeout (node:internal/timers:557:17)
      at processTimers (node:internal/timers:500:7)

npm manifest: 
  {
    "name": "cartofond",
    "version": "0.0.0",
    "type": "module",
    "scripts": {
      "dev": "vite",
      "build": "vite build",
      "serve": "vite preview"
    },
    "devDependencies": {
      "@sveltejs/vite-plugin-svelte": "^1.0.0-next.30",
      "svelte": "^3.44.1",
      "vite": "^2.6.14"
    },
    "dependencies": {
      "@fontsource/fira-code": "^4.5.2",
      "@fontsource/open-sans": "^4.5.2",
      "d3": "^7.1.1",
      "d3-contour": "^3.0.1",
      "d3-drag": "^3.0.0",
      "d3-geo-polygon": "^1.12.1",
      "d3-geo-projection": "^4.0.0",
      "d3-geo-scale-bar": "^1.1.1",
      "geotiff": "^1.0.9",
      "marked": "^4.0.3",
      "tippy.js": "^6.3.7",
      "topojson-client": "^3.1.0"
    }
  }

yarn manifest: 
  No manifest

Lockfile: 
  No lockfile
